[debug] [2021-08-21T14:32:20.668Z] ----------------------------------------------------------------------
[debug] [2021-08-21T14:32:20.670Z] Command:       /usr/bin/node /usr/local/bin/firebase init
[debug] [2021-08-21T14:32:20.670Z] CLI Version:   9.16.5
[debug] [2021-08-21T14:32:20.670Z] Platform:      linux
[debug] [2021-08-21T14:32:20.670Z] Node Version:  v12.21.0
[debug] [2021-08-21T14:32:20.671Z] Time:          Sat Aug 21 2021 21:02:20 GMT+0630 (Myanmar Time)
[debug] [2021-08-21T14:32:20.671Z] ----------------------------------------------------------------------
[debug] 
[debug] [2021-08-21T14:32:20.679Z] > command requires scopes: ["email","openid","https://www.googleapis.com/auth/cloudplatformprojects.readonly","https://www.googleapis.com/auth/firebase","https://www.googleapis.com/auth/cloud-platform"]
[debug] [2021-08-21T14:32:20.680Z] > authorizing via signed-in user (mightycryptowall@gmail.com)
[info] 
     ######## #### ########  ######## ########     ###     ######  ########
     ##        ##  ##     ## ##       ##     ##  ##   ##  ##       ##
     ######    ##  ########  ######   ########  #########  ######  ######
     ##        ##  ##    ##  ##       ##     ## ##     ##       ## ##
     ##       #### ##     ## ######## ########  ##     ##  ######  ########

You're about to initialize a Firebase project in this directory:

  /media/yethiha/DATA/projects/pwa-app

Before we get started, keep in mind:

  * You are currently outside your home directory

[info] 
=== Project Setup
[info] 
[info] First, let's associate this project directory with a Firebase project.
[info] You can create multiple project aliases by running firebase use --add, 
[info] but for now we'll just set up a default project.
[info] 
[debug] [2021-08-21T14:33:06.771Z] >>> [apiv2][query] GET https://firebase.googleapis.com/v1beta1/projects pageSize=100
[debug] [2021-08-21T14:33:07.358Z] <<< [apiv2][status] GET https://firebase.googleapis.com/v1beta1/projects 200
[debug] [2021-08-21T14:33:07.359Z] <<< [apiv2][body] GET https://firebase.googleapis.com/v1beta1/projects [omitted]
[info] i  Using project yethiha-pwa-project (yethiha-pwa-project) 
[info] 
=== Hosting:github Setup
[info] 
[info] i  Detected a .git folder at /media/yethiha/DATA/projects/pwa-app 
[info] i  Authorizing with GitHub to upload your service account to a GitHub repository's secrets store. 
[info] 
[info] Visit this URL on this device to log in:
[info] https://github.com/login/oauth/authorize?client_id=89cf50f02ac6aaed3484&state=476867792&redirect_uri=http%3A%2F%2Flocalhost%3A9005&scope=read%3Auser%20repo%20public_repo
[info] 
[info] Waiting for authentication...
[debug] [2021-08-21T14:33:21.048Z] >>> HTTP REQUEST POST https://github.com/login/oauth/access_token  
 {"client_id":"89cf50f02ac6aaed3484","client_secret":"3330d14abc895d9a74d5f17cd7a00711fa2c5bf0","code":"4317d551461b17541cb9","redirect_uri":"http://localhost:9005","state":"476867792"}
[debug] [2021-08-21T14:33:21.509Z] <<< HTTP RESPONSE 200 {"server":"GitHub.com","date":"Sat, 21 Aug 2021 14:33:21 GMT","content-type":"application/json; charset=utf-8","transfer-encoding":"chunked","vary":"X-PJAX, Accept-Encoding, Accept, X-Requested-With","permissions-policy":"interest-cohort=()","etag":"W/\"52492183d767afc998783e7180bbbe62\"","cache-control":"max-age=0, private, must-revalidate","strict-transport-security":"max-age=31536000; includeSubdomains; preload","x-frame-options":"deny","x-content-type-options":"nosniff","x-xss-protection":"0","referrer-policy":"origin-when-cross-origin, strict-origin-when-cross-origin","expect-ct":"max-age=2592000, report-uri=\"https://api.github.com/_private/browser/errors\"","content-security-policy":"default-src 'none'; base-uri 'self'; block-all-mixed-content; connect-src 'self' uploads.github.com www.githubstatus.com collector.githubapp.com api.github.com github-cloud.s3.amazonaws.com github-production-repository-file-5c1aeb.s3.amazonaws.com github-production-upload-manifest-file-7fdce7.s3.amazonaws.com github-production-user-asset-6210df.s3.amazonaws.com cdn.optimizely.com logx.optimizely.com/v1/events translator.github.com wss://alive.github.com; font-src github.githubassets.com; form-action 'self' github.com gist.github.com; frame-ancestors 'none'; frame-src render.githubusercontent.com viewscreen.githubusercontent.com; img-src 'self' data: github.githubassets.com identicons.github.com collector.githubapp.com github-cloud.s3.amazonaws.com secured-user-images.githubusercontent.com/ *.githubusercontent.com; manifest-src 'self'; media-src 'none'; script-src github.githubassets.com; style-src 'unsafe-inline' github.githubassets.com; worker-src github.com/socket-worker-3f088aa2.js gist.github.com/socket-worker-3f088aa2.js","x-github-request-id":"36BD:09CA:40E3F4:4B26F4:61210EB1"}
[debug] [2021-08-21T14:33:21.519Z] >>> [apiv2][query] GET https://api.github.com/user [none]
[debug] [2021-08-21T14:33:22.027Z] <<< [apiv2][status] GET https://api.github.com/user 200
[debug] [2021-08-21T14:33:22.028Z] <<< [apiv2][body] GET https://api.github.com/user {"login":"MightyCryptowall","id":52656718,"node_id":"MDQ6VXNlcjUyNjU2NzE4","avatar_url":"https://avatars.githubusercontent.com/u/52656718?v=4","gravatar_id":"","url":"https://api.github.com/users/MightyCryptowall","html_url":"https://github.com/MightyCryptowall","followers_url":"https://api.github.com/users/MightyCryptowall/followers","following_url":"https://api.github.com/users/MightyCryptowall/following{/other_user}","gists_url":"https://api.github.com/users/MightyCryptowall/gists{/gist_id}","starred_url":"https://api.github.com/users/MightyCryptowall/starred{/owner}{/repo}","subscriptions_url":"https://api.github.com/users/MightyCryptowall/subscriptions","organizations_url":"https://api.github.com/users/MightyCryptowall/orgs","repos_url":"https://api.github.com/users/MightyCryptowall/repos","events_url":"https://api.github.com/users/MightyCryptowall/events{/privacy}","received_events_url":"https://api.github.com/users/MightyCryptowall/received_events","type":"User","site_admin":false,"name":"Ye Thiha","company":null,"blog":"yethiha.com","location":null,"email":null,"hireable":null,"bio":"Developer / Programmer","twitter_username":null,"public_repos":14,"public_gists":0,"followers":1,"following":1,"created_at":"2019-07-08T09:45:48Z","updated_at":"2021-08-17T02:33:51Z","private_gists":0,"total_private_repos":6,"owned_private_repos":6,"disk_usage":63378,"collaborators":1,"two_factor_authentication":false,"plan":{"name":"free","space":976562499,"collaborators":0,"private_repos":10000}}
[info] 
[info] ✔  Success! Logged into GitHub as MightyCryptowall 
[info] 
